<?xml version="1.0" encoding="UTF-8"?>
<!-- Generated by org.testng.reporters.JUnitXMLReporter -->
<testsuite ignored="0" hostname="Purti" failures="0" tests="3" name="Default test" time="9.893" errors="0" timestamp="22 Jun 2021 16:44:01 GMT">
  <testcase classname="com.graphql.tests.GraphQLQueryTest" name="getAllFilmsTest" time="7.368"/>
  <testcase classname="com.graphql.tests.GraphQLQueryTest" name="getAllUsersTest" time="1.322"/>
  <testcase classname="com.graphql.tests.GraphQLQueryTest" name="getAllUsersTestWithDataTest" time="1.101"/>
</testsuite> <!-- Default test -->
