<?xml version="1.0" encoding="UTF-8"?>
<!-- Generated by org.testng.reporters.JUnitXMLReporter -->
<testsuite ignored="0" hostname="Purti" failures="0" tests="4" name="Default test" time="12.003" errors="0" timestamp="26 Jun 2021 08:24:15 GMT">
  <testcase classname="com.graphql.tests.GraphQLQueryTest" name="getAllFilmsTest" time="7.532"/>
  <testcase classname="com.graphql.tests.GraphQLQueryTest" name="getAllUser_WithPojoTest" time="2.07"/>
  <testcase classname="com.graphql.tests.GraphQLQueryTest" name="getAllUsersTest" time="1.23"/>
  <testcase classname="com.graphql.tests.GraphQLQueryTest" name="getAllUsersTestWithDataTest" time="1.012"/>
</testsuite> <!-- Default test -->
