<?xml version="1.0" encoding="UTF-8"?>
<testng-results ignored="0" total="4" passed="4" failed="0" skipped="0">
  <reporter-output>
  </reporter-output>
  <suite started-at="2021-06-26T08:24:02Z" name="Default suite" finished-at="2021-06-26T08:24:14Z" duration-ms="12003">
    <groups>
    </groups>
    <test started-at="2021-06-26T08:24:02Z" name="Default test" finished-at="2021-06-26T08:24:14Z" duration-ms="12003">
      <class name="com.graphql.tests.GraphQLQueryTest">
        <test-method signature="getAllFilmsTest()[pri:0, instance:com.graphql.tests.GraphQLQueryTest@21129f1f]" started-at="2021-06-26T08:24:02Z" name="getAllFilmsTest" finished-at="2021-06-26T08:24:10Z" duration-ms="7532" status="PASS">
          <reporter-output>
          </reporter-output>
        </test-method> <!-- getAllFilmsTest -->
        <test-method signature="getAllUser_WithPojoTest()[pri:0, instance:com.graphql.tests.GraphQLQueryTest@21129f1f]" started-at="2021-06-26T08:24:10Z" name="getAllUser_WithPojoTest" finished-at="2021-06-26T08:24:12Z" duration-ms="2070" status="PASS">
          <reporter-output>
          </reporter-output>
        </test-method> <!-- getAllUser_WithPojoTest -->
        <test-method signature="getAllUsersTest()[pri:0, instance:com.graphql.tests.GraphQLQueryTest@21129f1f]" started-at="2021-06-26T08:24:12Z" name="getAllUsersTest" finished-at="2021-06-26T08:24:13Z" duration-ms="1230" status="PASS">
          <reporter-output>
          </reporter-output>
        </test-method> <!-- getAllUsersTest -->
        <test-method signature="getAllUsersTestWithDataTest(java.lang.String, java.lang.String, java.lang.String)[pri:0, instance:com.graphql.tests.GraphQLQueryTest@21129f1f]" started-at="2021-06-26T08:24:13Z" name="getAllUsersTestWithDataTest" data-provider="getQueryData" finished-at="2021-06-26T08:24:14Z" duration-ms="1012" status="PASS">
          <params>
            <param index="0">
              <value>
                <![CDATA[10]]>
              </value>
            </param>
            <param index="1">
              <value>
                <![CDATA[akshayapsangi123]]>
              </value>
            </param>
            <param index="2">
              <value>
                <![CDATA[Flutter development]]>
              </value>
            </param>
          </params>
          <reporter-output>
          </reporter-output>
        </test-method> <!-- getAllUsersTestWithDataTest -->
      </class> <!-- com.graphql.tests.GraphQLQueryTest -->
    </test> <!-- Default test -->
  </suite> <!-- Default suite -->
</testng-results>
